[r109.ib.bridges2.psc.edu:mpi_rank_0][rdma_param_handle_heterogeneity] All nodes involved in the job were detected to be homogeneous in terms of processors and interconnects. Setting MV2_HOMOGENEOUS_CLUSTER=1 can improve job startup performance on such systems. The following link has more details on enhancing job startup performance. http://mvapich.cse.ohio-state.edu/performance/job-startup/.
[r109.ib.bridges2.psc.edu:mpi_rank_0][rdma_param_handle_heterogeneity] To suppress this warning, please set MV2_SUPPRESS_JOB_STARTUP_PERFORMANCE_WARNING to 1
Warning: unable to write derivative cache file.
Warning: unable to write derivative cache file.
Warning: unable to write derivative cache file.
Warning: unable to write derivative cache file.
Warning: unable to write derivative cache file.
Warning: unable to write derivative cache file.
Warning: unable to write derivative cache file.
[r130.ib.bridges2.psc.edu:mpi_rank_133][dreg_register] [Performance Impact Warning]: Entries are being evicted from the InfiniBand registration cache. This can lead to degraded performance. Consider increasing MV2_NDREG_ENTRIES_MAX (current value: 16384) and MV2_NDREG_ENTRIES (current value: 8704)
[r130.ib.bridges2.psc.edu:mpi_rank_130][dreg_register] [Performance Impact Warning]: Entries are being evicted from the InfiniBand registration cache. This can lead to degraded performance. Consider increasing MV2_NDREG_ENTRIES_MAX (current value: 16384) and MV2_NDREG_ENTRIES (current value: 8704)
[r130.ib.bridges2.psc.edu:mpi_rank_148][dreg_register] [Performance Impact Warning]: Entries are being evicted from the InfiniBand registration cache. This can lead to degraded performance. Consider increasing MV2_NDREG_ENTRIES_MAX (current value: 16384) and MV2_NDREG_ENTRIES (current value: 8704)
[r130.ib.bridges2.psc.edu:mpi_rank_194][dreg_register] [Performance Impact Warning]: Entries are being evicted from the InfiniBand registration cache. This can lead to degraded performance. Consider increasing MV2_NDREG_ENTRIES_MAX (current value: 16384) and MV2_NDREG_ENTRIES (current value: 8704)
[r130.ib.bridges2.psc.edu:mpi_rank_153][dreg_register] [Performance Impact Warning]: Entries are being evicted from the InfiniBand registration cache. This can lead to degraded performance. Consider increasing MV2_NDREG_ENTRIES_MAX (current value: 16384) and MV2_NDREG_ENTRIES (current value: 8704)
[r130.ib.bridges2.psc.edu:mpi_rank_151][dreg_register] [Performance Impact Warning]: Entries are being evicted from the InfiniBand registration cache. This can lead to degraded performance. Consider increasing MV2_NDREG_ENTRIES_MAX (current value: 16384) and MV2_NDREG_ENTRIES (current value: 8704)
[r109.ib.bridges2.psc.edu:mpi_rank_24][dreg_register] [Performance Impact Warning]: Entries are being evicted from the InfiniBand registration cache. This can lead to degraded performance. Consider increasing MV2_NDREG_ENTRIES_MAX (current value: 16384) and MV2_NDREG_ENTRIES (current value: 8704)
[r130.ib.bridges2.psc.edu:mpi_rank_200][dreg_register] [Performance Impact Warning]: Entries are being evicted from the InfiniBand registration cache. This can lead to degraded performance. Consider increasing MV2_NDREG_ENTRIES_MAX (current value: 16384) and MV2_NDREG_ENTRIES (current value: 8704)
[r130.ib.bridges2.psc.edu:mpi_rank_156][dreg_register] [Performance Impact Warning]: Entries are being evicted from the InfiniBand registration cache. This can lead to degraded performance. Consider increasing MV2_NDREG_ENTRIES_MAX (current value: 16384) and MV2_NDREG_ENTRIES (current value: 8704)
[r130.ib.bridges2.psc.edu:mpi_rank_136][dreg_register] [Performance Impact Warning]: Entries are being evicted from the InfiniBand registration cache. This can lead to degraded performance. Consider increasing MV2_NDREG_ENTRIES_MAX (current value: 16384) and MV2_NDREG_ENTRIES (current value: 8704)
[r109.ib.bridges2.psc.edu:mpi_rank_104][dreg_register] [Performance Impact Warning]: Entries are being evicted from the InfiniBand registration cache. This can lead to degraded performance. Consider increasing MV2_NDREG_ENTRIES_MAX (current value: 16384) and MV2_NDREG_ENTRIES (current value: 8704)
[r130.ib.bridges2.psc.edu:mpi_rank_209][dreg_register] [Performance Impact Warning]: Entries are being evicted from the InfiniBand registration cache. This can lead to degraded performance. Consider increasing MV2_NDREG_ENTRIES_MAX (current value: 16384) and MV2_NDREG_ENTRIES (current value: 8704)
[r130.ib.bridges2.psc.edu:mpi_rank_208][dreg_register] [Performance Impact Warning]: Entries are being evicted from the InfiniBand registration cache. This can lead to degraded performance. Consider increasing MV2_NDREG_ENTRIES_MAX (current value: 16384) and MV2_NDREG_ENTRIES (current value: 8704)
[r109.ib.bridges2.psc.edu:mpi_rank_36][dreg_register] [Performance Impact Warning]: Entries are being evicted from the InfiniBand registration cache. This can lead to degraded performance. Consider increasing MV2_NDREG_ENTRIES_MAX (current value: 16384) and MV2_NDREG_ENTRIES (current value: 8704)
[r130.ib.bridges2.psc.edu:mpi_rank_201][dreg_register] [Performance Impact Warning]: Entries are being evicted from the InfiniBand registration cache. This can lead to degraded performance. Consider increasing MV2_NDREG_ENTRIES_MAX (current value: 16384) and MV2_NDREG_ENTRIES (current value: 8704)
[r130.ib.bridges2.psc.edu:mpi_rank_173][dreg_register] [Performance Impact Warning]: Entries are being evicted from the InfiniBand registration cache. This can lead to degraded performance. Consider increasing MV2_NDREG_ENTRIES_MAX (current value: 16384) and MV2_NDREG_ENTRIES (current value: 8704)
[r130.ib.bridges2.psc.edu:mpi_rank_193][dreg_register] [Performance Impact Warning]: Entries are being evicted from the InfiniBand registration cache. This can lead to degraded performance. Consider increasing MV2_NDREG_ENTRIES_MAX (current value: 16384) and MV2_NDREG_ENTRIES (current value: 8704)
[r130.ib.bridges2.psc.edu:mpi_rank_250][dreg_register] [Performance Impact Warning]: Entries are being evicted from the InfiniBand registration cache. This can lead to degraded performance. Consider increasing MV2_NDREG_ENTRIES_MAX (current value: 16384) and MV2_NDREG_ENTRIES (current value: 8704)
[r109.ib.bridges2.psc.edu:mpi_rank_22][dreg_register] [Performance Impact Warning]: Entries are being evicted from the InfiniBand registration cache. This can lead to degraded performance. Consider increasing MV2_NDREG_ENTRIES_MAX (current value: 16384) and MV2_NDREG_ENTRIES (current value: 8704)
[r109.ib.bridges2.psc.edu:mpi_rank_1][dreg_register] [Performance Impact Warning]: Entries are being evicted from the InfiniBand registration cache. This can lead to degraded performance. Consider increasing MV2_NDREG_ENTRIES_MAX (current value: 16384) and MV2_NDREG_ENTRIES (current value: 8704)
[r130.ib.bridges2.psc.edu:mpi_rank_144][dreg_register] [Performance Impact Warning]: Entries are being evicted from the InfiniBand registration cache. This can lead to degraded performance. Consider increasing MV2_NDREG_ENTRIES_MAX (current value: 16384) and MV2_NDREG_ENTRIES (current value: 8704)
[r130.ib.bridges2.psc.edu:mpi_rank_164][dreg_register] [Performance Impact Warning]: Entries are being evicted from the InfiniBand registration cache. This can lead to degraded performance. Consider increasing MV2_NDREG_ENTRIES_MAX (current value: 16384) and MV2_NDREG_ENTRIES (current value: 8704)
[r130.ib.bridges2.psc.edu:mpi_rank_228][dreg_register] [Performance Impact Warning]: Entries are being evicted from the InfiniBand registration cache. This can lead to degraded performance. Consider increasing MV2_NDREG_ENTRIES_MAX (current value: 16384) and MV2_NDREG_ENTRIES (current value: 8704)
[r109.ib.bridges2.psc.edu:mpi_rank_35][dreg_register] [Performance Impact Warning]: Entries are being evicted from the InfiniBand registration cache. This can lead to degraded performance. Consider increasing MV2_NDREG_ENTRIES_MAX (current value: 16384) and MV2_NDREG_ENTRIES (current value: 8704)
[r130.ib.bridges2.psc.edu:mpi_rank_176][dreg_register] [Performance Impact Warning]: Entries are being evicted from the InfiniBand registration cache. This can lead to degraded performance. Consider increasing MV2_NDREG_ENTRIES_MAX (current value: 16384) and MV2_NDREG_ENTRIES (current value: 8704)
[r130.ib.bridges2.psc.edu:mpi_rank_161][dreg_register] [Performance Impact Warning]: Entries are being evicted from the InfiniBand registration cache. This can lead to degraded performance. Consider increasing MV2_NDREG_ENTRIES_MAX (current value: 16384) and MV2_NDREG_ENTRIES (current value: 8704)
[r109.ib.bridges2.psc.edu:mpi_rank_108][dreg_register] [Performance Impact Warning]: Entries are being evicted from the InfiniBand registration cache. This can lead to degraded performance. Consider increasing MV2_NDREG_ENTRIES_MAX (current value: 16384) and MV2_NDREG_ENTRIES (current value: 8704)
[r109.ib.bridges2.psc.edu:mpi_rank_90][dreg_register] [Performance Impact Warning]: Entries are being evicted from the InfiniBand registration cache. This can lead to degraded performance. Consider increasing MV2_NDREG_ENTRIES_MAX (current value: 16384) and MV2_NDREG_ENTRIES (current value: 8704)
[r109.ib.bridges2.psc.edu:mpi_rank_18][dreg_register] [Performance Impact Warning]: Entries are being evicted from the InfiniBand registration cache. This can lead to degraded performance. Consider increasing MV2_NDREG_ENTRIES_MAX (current value: 16384) and MV2_NDREG_ENTRIES (current value: 8704)
[r130.ib.bridges2.psc.edu:mpi_rank_196][dreg_register] [Performance Impact Warning]: Entries are being evicted from the InfiniBand registration cache. This can lead to degraded performance. Consider increasing MV2_NDREG_ENTRIES_MAX (current value: 16384) and MV2_NDREG_ENTRIES (current value: 8704)
[r130.ib.bridges2.psc.edu:mpi_rank_137][dreg_register] [Performance Impact Warning]: Entries are being evicted from the InfiniBand registration cache. This can lead to degraded performance. Consider increasing MV2_NDREG_ENTRIES_MAX (current value: 16384) and MV2_NDREG_ENTRIES (current value: 8704)
[r130.ib.bridges2.psc.edu:mpi_rank_242][dreg_register] [Performance Impact Warning]: Entries are being evicted from the InfiniBand registration cache. This can lead to degraded performance. Consider increasing MV2_NDREG_ENTRIES_MAX (current value: 16384) and MV2_NDREG_ENTRIES (current value: 8704)
[r109.ib.bridges2.psc.edu:mpi_rank_10][dreg_register] [Performance Impact Warning]: Entries are being evicted from the InfiniBand registration cache. This can lead to degraded performance. Consider increasing MV2_NDREG_ENTRIES_MAX (current value: 16384) and MV2_NDREG_ENTRIES (current value: 8704)
[r130.ib.bridges2.psc.edu:mpi_rank_129][dreg_register] [Performance Impact Warning]: Entries are being evicted from the InfiniBand registration cache. This can lead to degraded performance. Consider increasing MV2_NDREG_ENTRIES_MAX (current value: 16384) and MV2_NDREG_ENTRIES (current value: 8704)
[r130.ib.bridges2.psc.edu:mpi_rank_132][dreg_register] [Performance Impact Warning]: Entries are being evicted from the InfiniBand registration cache. This can lead to degraded performance. Consider increasing MV2_NDREG_ENTRIES_MAX (current value: 16384) and MV2_NDREG_ENTRIES (current value: 8704)
[r109.ib.bridges2.psc.edu:mpi_rank_32][dreg_register] [Performance Impact Warning]: Entries are being evicted from the InfiniBand registration cache. This can lead to degraded performance. Consider increasing MV2_NDREG_ENTRIES_MAX (current value: 16384) and MV2_NDREG_ENTRIES (current value: 8704)
[r130.ib.bridges2.psc.edu:mpi_rank_188][dreg_register] [Performance Impact Warning]: Entries are being evicted from the InfiniBand registration cache. This can lead to degraded performance. Consider increasing MV2_NDREG_ENTRIES_MAX (current value: 16384) and MV2_NDREG_ENTRIES (current value: 8704)
[r109.ib.bridges2.psc.edu:mpi_rank_2][dreg_register] [Performance Impact Warning]: Entries are being evicted from the InfiniBand registration cache. This can lead to degraded performance. Consider increasing MV2_NDREG_ENTRIES_MAX (current value: 16384) and MV2_NDREG_ENTRIES (current value: 8704)
[r130.ib.bridges2.psc.edu:mpi_rank_220][dreg_register] [Performance Impact Warning]: Entries are being evicted from the InfiniBand registration cache. This can lead to degraded performance. Consider increasing MV2_NDREG_ENTRIES_MAX (current value: 16384) and MV2_NDREG_ENTRIES (current value: 8704)
[r109.ib.bridges2.psc.edu:mpi_rank_17][dreg_register] [Performance Impact Warning]: Entries are being evicted from the InfiniBand registration cache. This can lead to degraded performance. Consider increasing MV2_NDREG_ENTRIES_MAX (current value: 16384) and MV2_NDREG_ENTRIES (current value: 8704)
[r130.ib.bridges2.psc.edu:mpi_rank_138][dreg_register] [Performance Impact Warning]: Entries are being evicted from the InfiniBand registration cache. This can lead to degraded performance. Consider increasing MV2_NDREG_ENTRIES_MAX (current value: 16384) and MV2_NDREG_ENTRIES (current value: 8704)
[r109.ib.bridges2.psc.edu:mpi_rank_8][dreg_register] [Performance Impact Warning]: Entries are being evicted from the InfiniBand registration cache. This can lead to degraded performance. Consider increasing MV2_NDREG_ENTRIES_MAX (current value: 16384) and MV2_NDREG_ENTRIES (current value: 8704)
[r130.ib.bridges2.psc.edu:mpi_rank_204][dreg_register] [Performance Impact Warning]: Entries are being evicted from the InfiniBand registration cache. This can lead to degraded performance. Consider increasing MV2_NDREG_ENTRIES_MAX (current value: 16384) and MV2_NDREG_ENTRIES (current value: 8704)
[r130.ib.bridges2.psc.edu:mpi_rank_174][dreg_register] [Performance Impact Warning]: Entries are being evicted from the InfiniBand registration cache. This can lead to degraded performance. Consider increasing MV2_NDREG_ENTRIES_MAX (current value: 16384) and MV2_NDREG_ENTRIES (current value: 8704)
[r130.ib.bridges2.psc.edu:mpi_rank_234][dreg_register] [Performance Impact Warning]: Entries are being evicted from the InfiniBand registration cache. This can lead to degraded performance. Consider increasing MV2_NDREG_ENTRIES_MAX (current value: 16384) and MV2_NDREG_ENTRIES (current value: 8704)
[r130.ib.bridges2.psc.edu:mpi_rank_192][dreg_register] [Performance Impact Warning]: Entries are being evicted from the InfiniBand registration cache. This can lead to degraded performance. Consider increasing MV2_NDREG_ENTRIES_MAX (current value: 16384) and MV2_NDREG_ENTRIES (current value: 8704)
[r109.ib.bridges2.psc.edu:mpi_rank_101][dreg_register] [Performance Impact Warning]: Entries are being evicted from the InfiniBand registration cache. This can lead to degraded performance. Consider increasing MV2_NDREG_ENTRIES_MAX (current value: 16384) and MV2_NDREG_ENTRIES (current value: 8704)
[r130.ib.bridges2.psc.edu:mpi_rank_225][dreg_register] [Performance Impact Warning]: Entries are being evicted from the InfiniBand registration cache. This can lead to degraded performance. Consider increasing MV2_NDREG_ENTRIES_MAX (current value: 16384) and MV2_NDREG_ENTRIES (current value: 8704)
[r130.ib.bridges2.psc.edu:mpi_rank_168][dreg_register] [Performance Impact Warning]: Entries are being evicted from the InfiniBand registration cache. This can lead to degraded performance. Consider increasing MV2_NDREG_ENTRIES_MAX (current value: 16384) and MV2_NDREG_ENTRIES (current value: 8704)
[r130.ib.bridges2.psc.edu:mpi_rank_216][dreg_register] [Performance Impact Warning]: Entries are being evicted from the InfiniBand registration cache. This can lead to degraded performance. Consider increasing MV2_NDREG_ENTRIES_MAX (current value: 16384) and MV2_NDREG_ENTRIES (current value: 8704)
[r130.ib.bridges2.psc.edu:mpi_rank_160][dreg_register] [Performance Impact Warning]: Entries are being evicted from the InfiniBand registration cache. This can lead to degraded performance. Consider increasing MV2_NDREG_ENTRIES_MAX (current value: 16384) and MV2_NDREG_ENTRIES (current value: 8704)
[r130.ib.bridges2.psc.edu:mpi_rank_212][dreg_register] [Performance Impact Warning]: Entries are being evicted from the InfiniBand registration cache. This can lead to degraded performance. Consider increasing MV2_NDREG_ENTRIES_MAX (current value: 16384) and MV2_NDREG_ENTRIES (current value: 8704)
[r109.ib.bridges2.psc.edu:mpi_rank_20][dreg_register] [Performance Impact Warning]: Entries are being evicted from the InfiniBand registration cache. This can lead to degraded performance. Consider increasing MV2_NDREG_ENTRIES_MAX (current value: 16384) and MV2_NDREG_ENTRIES (current value: 8704)
[r109.ib.bridges2.psc.edu:mpi_rank_81][dreg_register] [Performance Impact Warning]: Entries are being evicted from the InfiniBand registration cache. This can lead to degraded performance. Consider increasing MV2_NDREG_ENTRIES_MAX (current value: 16384) and MV2_NDREG_ENTRIES (current value: 8704)
[r109.ib.bridges2.psc.edu:mpi_rank_12][dreg_register] [Performance Impact Warning]: Entries are being evicted from the InfiniBand registration cache. This can lead to degraded performance. Consider increasing MV2_NDREG_ENTRIES_MAX (current value: 16384) and MV2_NDREG_ENTRIES (current value: 8704)
[r109.ib.bridges2.psc.edu:mpi_rank_106][dreg_register] [Performance Impact Warning]: Entries are being evicted from the InfiniBand registration cache. This can lead to degraded performance. Consider increasing MV2_NDREG_ENTRIES_MAX (current value: 16384) and MV2_NDREG_ENTRIES (current value: 8704)
[r109.ib.bridges2.psc.edu:mpi_rank_92][dreg_register] [Performance Impact Warning]: Entries are being evicted from the InfiniBand registration cache. This can lead to degraded performance. Consider increasing MV2_NDREG_ENTRIES_MAX (current value: 16384) and MV2_NDREG_ENTRIES (current value: 8704)
[r130.ib.bridges2.psc.edu:mpi_rank_240][dreg_register] [Performance Impact Warning]: Entries are being evicted from the InfiniBand registration cache. This can lead to degraded performance. Consider increasing MV2_NDREG_ENTRIES_MAX (current value: 16384) and MV2_NDREG_ENTRIES (current value: 8704)
[r109.ib.bridges2.psc.edu:mpi_rank_112][dreg_register] [Performance Impact Warning]: Entries are being evicted from the InfiniBand registration cache. This can lead to degraded performance. Consider increasing MV2_NDREG_ENTRIES_MAX (current value: 16384) and MV2_NDREG_ENTRIES (current value: 8704)
[r109.ib.bridges2.psc.edu:mpi_rank_98][dreg_register] [Performance Impact Warning]: Entries are being evicted from the InfiniBand registration cache. This can lead to degraded performance. Consider increasing MV2_NDREG_ENTRIES_MAX (current value: 16384) and MV2_NDREG_ENTRIES (current value: 8704)
[r109.ib.bridges2.psc.edu:mpi_rank_65][dreg_register] [Performance Impact Warning]: Entries are being evicted from the InfiniBand registration cache. This can lead to degraded performance. Consider increasing MV2_NDREG_ENTRIES_MAX (current value: 16384) and MV2_NDREG_ENTRIES (current value: 8704)
[r109.ib.bridges2.psc.edu:mpi_rank_68][dreg_register] [Performance Impact Warning]: Entries are being evicted from the InfiniBand registration cache. This can lead to degraded performance. Consider increasing MV2_NDREG_ENTRIES_MAX (current value: 16384) and MV2_NDREG_ENTRIES (current value: 8704)
[r109.ib.bridges2.psc.edu:mpi_rank_114][dreg_register] [Performance Impact Warning]: Entries are being evicted from the InfiniBand registration cache. This can lead to degraded performance. Consider increasing MV2_NDREG_ENTRIES_MAX (current value: 16384) and MV2_NDREG_ENTRIES (current value: 8704)
[r109.ib.bridges2.psc.edu:mpi_rank_33][dreg_register] [Performance Impact Warning]: Entries are being evicted from the InfiniBand registration cache. This can lead to degraded performance. Consider increasing MV2_NDREG_ENTRIES_MAX (current value: 16384) and MV2_NDREG_ENTRIES (current value: 8704)
[r130.ib.bridges2.psc.edu:mpi_rank_169][dreg_register] [Performance Impact Warning]: Entries are being evicted from the InfiniBand registration cache. This can lead to degraded performance. Consider increasing MV2_NDREG_ENTRIES_MAX (current value: 16384) and MV2_NDREG_ENTRIES (current value: 8704)
[r130.ib.bridges2.psc.edu:mpi_rank_178][dreg_register] [Performance Impact Warning]: Entries are being evicted from the InfiniBand registration cache. This can lead to degraded performance. Consider increasing MV2_NDREG_ENTRIES_MAX (current value: 16384) and MV2_NDREG_ENTRIES (current value: 8704)
[r130.ib.bridges2.psc.edu:mpi_rank_224][dreg_register] [Performance Impact Warning]: Entries are being evicted from the InfiniBand registration cache. This can lead to degraded performance. Consider increasing MV2_NDREG_ENTRIES_MAX (current value: 16384) and MV2_NDREG_ENTRIES (current value: 8704)
[r109.ib.bridges2.psc.edu:mpi_rank_100][dreg_register] [Performance Impact Warning]: Entries are being evicted from the InfiniBand registration cache. This can lead to degraded performance. Consider increasing MV2_NDREG_ENTRIES_MAX (current value: 16384) and MV2_NDREG_ENTRIES (current value: 8704)
[r130.ib.bridges2.psc.edu:mpi_rank_162][dreg_register] [Performance Impact Warning]: Entries are being evicted from the InfiniBand registration cache. This can lead to degraded performance. Consider increasing MV2_NDREG_ENTRIES_MAX (current value: 16384) and MV2_NDREG_ENTRIES (current value: 8704)
[r109.ib.bridges2.psc.edu:mpi_rank_41][dreg_register] [Performance Impact Warning]: Entries are being evicted from the InfiniBand registration cache. This can lead to degraded performance. Consider increasing MV2_NDREG_ENTRIES_MAX (current value: 16384) and MV2_NDREG_ENTRIES (current value: 8704)
[r109.ib.bridges2.psc.edu:mpi_rank_4][dreg_register] [Performance Impact Warning]: Entries are being evicted from the InfiniBand registration cache. This can lead to degraded performance. Consider increasing MV2_NDREG_ENTRIES_MAX (current value: 16384) and MV2_NDREG_ENTRIES (current value: 8704)
[r109.ib.bridges2.psc.edu:mpi_rank_56][dreg_register] [Performance Impact Warning]: Entries are being evicted from the InfiniBand registration cache. This can lead to degraded performance. Consider increasing MV2_NDREG_ENTRIES_MAX (current value: 16384) and MV2_NDREG_ENTRIES (current value: 8704)
[r109.ib.bridges2.psc.edu:mpi_rank_116][dreg_register] [Performance Impact Warning]: Entries are being evicted from the InfiniBand registration cache. This can lead to degraded performance. Consider increasing MV2_NDREG_ENTRIES_MAX (current value: 16384) and MV2_NDREG_ENTRIES (current value: 8704)
[r109.ib.bridges2.psc.edu:mpi_rank_50][dreg_register] [Performance Impact Warning]: Entries are being evicted from the InfiniBand registration cache. This can lead to degraded performance. Consider increasing MV2_NDREG_ENTRIES_MAX (current value: 16384) and MV2_NDREG_ENTRIES (current value: 8704)
[r109.ib.bridges2.psc.edu:mpi_rank_84][dreg_register] [Performance Impact Warning]: Entries are being evicted from the InfiniBand registration cache. This can lead to degraded performance. Consider increasing MV2_NDREG_ENTRIES_MAX (current value: 16384) and MV2_NDREG_ENTRIES (current value: 8704)
[r109.ib.bridges2.psc.edu:mpi_rank_78][dreg_register] [Performance Impact Warning]: Entries are being evicted from the InfiniBand registration cache. This can lead to degraded performance. Consider increasing MV2_NDREG_ENTRIES_MAX (current value: 16384) and MV2_NDREG_ENTRIES (current value: 8704)
[r109.ib.bridges2.psc.edu:mpi_rank_66][dreg_register] [Performance Impact Warning]: Entries are being evicted from the InfiniBand registration cache. This can lead to degraded performance. Consider increasing MV2_NDREG_ENTRIES_MAX (current value: 16384) and MV2_NDREG_ENTRIES (current value: 8704)
[r109.ib.bridges2.psc.edu:mpi_rank_48][dreg_register] [Performance Impact Warning]: Entries are being evicted from the InfiniBand registration cache. This can lead to degraded performance. Consider increasing MV2_NDREG_ENTRIES_MAX (current value: 16384) and MV2_NDREG_ENTRIES (current value: 8704)
[r109.ib.bridges2.psc.edu:mpi_rank_49][dreg_register] [Performance Impact Warning]: Entries are being evicted from the InfiniBand registration cache. This can lead to degraded performance. Consider increasing MV2_NDREG_ENTRIES_MAX (current value: 16384) and MV2_NDREG_ENTRIES (current value: 8704)
[r109.ib.bridges2.psc.edu:mpi_rank_46][dreg_register] [Performance Impact Warning]: Entries are being evicted from the InfiniBand registration cache. This can lead to degraded performance. Consider increasing MV2_NDREG_ENTRIES_MAX (current value: 16384) and MV2_NDREG_ENTRIES (current value: 8704)
[r109.ib.bridges2.psc.edu:mpi_rank_16][dreg_register] [Performance Impact Warning]: Entries are being evicted from the InfiniBand registration cache. This can lead to degraded performance. Consider increasing MV2_NDREG_ENTRIES_MAX (current value: 16384) and MV2_NDREG_ENTRIES (current value: 8704)
[r109.ib.bridges2.psc.edu:mpi_rank_74][dreg_register] [Performance Impact Warning]: Entries are being evicted from the InfiniBand registration cache. This can lead to degraded performance. Consider increasing MV2_NDREG_ENTRIES_MAX (current value: 16384) and MV2_NDREG_ENTRIES (current value: 8704)
[r109.ib.bridges2.psc.edu:mpi_rank_40][dreg_register] [Performance Impact Warning]: Entries are being evicted from the InfiniBand registration cache. This can lead to degraded performance. Consider increasing MV2_NDREG_ENTRIES_MAX (current value: 16384) and MV2_NDREG_ENTRIES (current value: 8704)
[r130.ib.bridges2.psc.edu:mpi_rank_152][dreg_register] [Performance Impact Warning]: Entries are being evicted from the InfiniBand registration cache. This can lead to degraded performance. Consider increasing MV2_NDREG_ENTRIES_MAX (current value: 16384) and MV2_NDREG_ENTRIES (current value: 8704)
[r130.ib.bridges2.psc.edu:mpi_rank_232][dreg_register] [Performance Impact Warning]: Entries are being evicted from the InfiniBand registration cache. This can lead to degraded performance. Consider increasing MV2_NDREG_ENTRIES_MAX (current value: 16384) and MV2_NDREG_ENTRIES (current value: 8704)
[r109.ib.bridges2.psc.edu:mpi_rank_72][dreg_register] [Performance Impact Warning]: Entries are being evicted from the InfiniBand registration cache. This can lead to degraded performance. Consider increasing MV2_NDREG_ENTRIES_MAX (current value: 16384) and MV2_NDREG_ENTRIES (current value: 8704)
[r109.ib.bridges2.psc.edu:mpi_rank_64][dreg_register] [Performance Impact Warning]: Entries are being evicted from the InfiniBand registration cache. This can lead to degraded performance. Consider increasing MV2_NDREG_ENTRIES_MAX (current value: 16384) and MV2_NDREG_ENTRIES (current value: 8704)
[r109.ib.bridges2.psc.edu:mpi_rank_19][dreg_register] [Performance Impact Warning]: Entries are being evicted from the InfiniBand registration cache. This can lead to degraded performance. Consider increasing MV2_NDREG_ENTRIES_MAX (current value: 16384) and MV2_NDREG_ENTRIES (current value: 8704)
[r130.ib.bridges2.psc.edu:mpi_rank_222][dreg_register] [Performance Impact Warning]: Entries are being evicted from the InfiniBand registration cache. This can lead to degraded performance. Consider increasing MV2_NDREG_ENTRIES_MAX (current value: 16384) and MV2_NDREG_ENTRIES (current value: 8704)
[r109.ib.bridges2.psc.edu:mpi_rank_97][dreg_register] [Performance Impact Warning]: Entries are being evicted from the InfiniBand registration cache. This can lead to degraded performance. Consider increasing MV2_NDREG_ENTRIES_MAX (current value: 16384) and MV2_NDREG_ENTRIES (current value: 8704)
[r130.ib.bridges2.psc.edu:mpi_rank_163][dreg_register] [Performance Impact Warning]: Entries are being evicted from the InfiniBand registration cache. This can lead to degraded performance. Consider increasing MV2_NDREG_ENTRIES_MAX (current value: 16384) and MV2_NDREG_ENTRIES (current value: 8704)
[r109.ib.bridges2.psc.edu:mpi_rank_111][dreg_register] [Performance Impact Warning]: Entries are being evicted from the InfiniBand registration cache. This can lead to degraded performance. Consider increasing MV2_NDREG_ENTRIES_MAX (current value: 16384) and MV2_NDREG_ENTRIES (current value: 8704)
[r109.ib.bridges2.psc.edu:mpi_rank_120][dreg_register] [Performance Impact Warning]: Entries are being evicted from the InfiniBand registration cache. This can lead to degraded performance. Consider increasing MV2_NDREG_ENTRIES_MAX (current value: 16384) and MV2_NDREG_ENTRIES (current value: 8704)
[r130.ib.bridges2.psc.edu:mpi_rank_239][dreg_register] [Performance Impact Warning]: Entries are being evicted from the InfiniBand registration cache. This can lead to degraded performance. Consider increasing MV2_NDREG_ENTRIES_MAX (current value: 16384) and MV2_NDREG_ENTRIES (current value: 8704)
[r109.ib.bridges2.psc.edu:mpi_rank_0][dreg_register] [Performance Impact Warning]: Entries are being evicted from the InfiniBand registration cache. This can lead to degraded performance. Consider increasing MV2_NDREG_ENTRIES_MAX (current value: 16384) and MV2_NDREG_ENTRIES (current value: 8704)
[r130.ib.bridges2.psc.edu:mpi_rank_191][dreg_register] [Performance Impact Warning]: Entries are being evicted from the InfiniBand registration cache. This can lead to degraded performance. Consider increasing MV2_NDREG_ENTRIES_MAX (current value: 16384) and MV2_NDREG_ENTRIES (current value: 8704)
[r109.ib.bridges2.psc.edu:mpi_rank_102][dreg_register] [Performance Impact Warning]: Entries are being evicted from the InfiniBand registration cache. This can lead to degraded performance. Consider increasing MV2_NDREG_ENTRIES_MAX (current value: 16384) and MV2_NDREG_ENTRIES (current value: 8704)
[r109.ib.bridges2.psc.edu:mpi_rank_103][dreg_register] [Performance Impact Warning]: Entries are being evicted from the InfiniBand registration cache. This can lead to degraded performance. Consider increasing MV2_NDREG_ENTRIES_MAX (current value: 16384) and MV2_NDREG_ENTRIES (current value: 8704)
[r109.ib.bridges2.psc.edu:mpi_rank_55][dreg_register] [Performance Impact Warning]: Entries are being evicted from the InfiniBand registration cache. This can lead to degraded performance. Consider increasing MV2_NDREG_ENTRIES_MAX (current value: 16384) and MV2_NDREG_ENTRIES (current value: 8704)
[r109.ib.bridges2.psc.edu:mpi_rank_109][dreg_register] [Performance Impact Warning]: Entries are being evicted from the InfiniBand registration cache. This can lead to degraded performance. Consider increasing MV2_NDREG_ENTRIES_MAX (current value: 16384) and MV2_NDREG_ENTRIES (current value: 8704)
[r130.ib.bridges2.psc.edu:mpi_rank_210][dreg_register] [Performance Impact Warning]: Entries are being evicted from the InfiniBand registration cache. This can lead to degraded performance. Consider increasing MV2_NDREG_ENTRIES_MAX (current value: 16384) and MV2_NDREG_ENTRIES (current value: 8704)
[r109.ib.bridges2.psc.edu:mpi_rank_86][dreg_register] [Performance Impact Warning]: Entries are being evicted from the InfiniBand registration cache. This can lead to degraded performance. Consider increasing MV2_NDREG_ENTRIES_MAX (current value: 16384) and MV2_NDREG_ENTRIES (current value: 8704)
[r130.ib.bridges2.psc.edu:mpi_rank_213][dreg_register] [Performance Impact Warning]: Entries are being evicted from the InfiniBand registration cache. This can lead to degraded performance. Consider increasing MV2_NDREG_ENTRIES_MAX (current value: 16384) and MV2_NDREG_ENTRIES (current value: 8704)
[r109.ib.bridges2.psc.edu:mpi_rank_119][dreg_register] [Performance Impact Warning]: Entries are being evicted from the InfiniBand registration cache. This can lead to degraded performance. Consider increasing MV2_NDREG_ENTRIES_MAX (current value: 16384) and MV2_NDREG_ENTRIES (current value: 8704)
[r109.ib.bridges2.psc.edu:mpi_rank_121][dreg_register] [Performance Impact Warning]: Entries are being evicted from the InfiniBand registration cache. This can lead to degraded performance. Consider increasing MV2_NDREG_ENTRIES_MAX (current value: 16384) and MV2_NDREG_ENTRIES (current value: 8704)
[r109.ib.bridges2.psc.edu:mpi_rank_80][dreg_register] [Performance Impact Warning]: Entries are being evicted from the InfiniBand registration cache. This can lead to degraded performance. Consider increasing MV2_NDREG_ENTRIES_MAX (current value: 16384) and MV2_NDREG_ENTRIES (current value: 8704)
[r130.ib.bridges2.psc.edu:mpi_rank_175][dreg_register] [Performance Impact Warning]: Entries are being evicted from the InfiniBand registration cache. This can lead to degraded performance. Consider increasing MV2_NDREG_ENTRIES_MAX (current value: 16384) and MV2_NDREG_ENTRIES (current value: 8704)
[r109.ib.bridges2.psc.edu:mpi_rank_53][dreg_register] [Performance Impact Warning]: Entries are being evicted from the InfiniBand registration cache. This can lead to degraded performance. Consider increasing MV2_NDREG_ENTRIES_MAX (current value: 16384) and MV2_NDREG_ENTRIES (current value: 8704)
[r130.ib.bridges2.psc.edu:mpi_rank_226][dreg_register] [Performance Impact Warning]: Entries are being evicted from the InfiniBand registration cache. This can lead to degraded performance. Consider increasing MV2_NDREG_ENTRIES_MAX (current value: 16384) and MV2_NDREG_ENTRIES (current value: 8704)
srun: Job step aborted: Waiting up to 302 seconds for job step to finish.
slurmstepd: error: *** JOB 6925109 ON r109 CANCELLED AT 2022-02-28T21:05:07 DUE TO TIME LIMIT ***
slurmstepd: error: *** STEP 6925109.0 ON r109 CANCELLED AT 2022-02-28T21:05:07 DUE TO TIME LIMIT ***
